TN:
SF:src\modules\appointments\services\CreateAppointmentService.ts
FN:35,__decorate
FN:35,__metadata
FN:35,__param
FN:35,__awaiter
FN:35,adopt
FN:35,fulfilled
FN:35,rejected
FN:35,step
FN:35,__generator
FN:35,sent
FN:35,g.<computed>
FN:35,verb
FN:35,step
FN:35,__importDefault
FN:15,CreateAppointmentService
FN:20,CreateAppointmentService.execute
FNF:16
FNH:14
FNDA:1,__decorate
FNDA:1,__metadata
FNDA:1,__param
FNDA:3,__awaiter
FNDA:5,adopt
FNDA:5,fulfilled
FNDA:0,rejected
FNDA:7,step
FNDA:3,__generator
FNDA:5,sent
FNDA:0,g.<computed>
FNDA:9,verb
FNDA:8,step
FNDA:1,__importDefault
FNDA:2,CreateAppointmentService
FNDA:3,CreateAppointmentService.execute
DA:1,1
DA:2,1
DA:3,1
DA:4,1
DA:5,1
DA:6,1
DA:7,1
DA:8,1
DA:9,1
DA:10,1
DA:11,1
DA:12,1
DA:13,1
DA:14,1
DA:15,1
DA:16,2
DA:17,2
DA:18,2
DA:19,1
DA:20,1
DA:21,3
DA:22,3
DA:23,3
DA:24,3
DA:25,2
DA:26,2
DA:27,2
DA:28,2
DA:29,2
DA:30,3
DA:31,3
DA:32,3
DA:33,1
DA:34,1
DA:35,1
LF:35
LH:35
BRDA:35,0,0,1
BRDA:35,1,0,1
BRDA:35,2,0,0
BRDA:35,3,0,0
BRDA:35,4,0,0
BRDA:35,5,0,0
BRDA:35,6,0,1
BRDA:35,7,0,1
BRDA:35,8,0,1
BRDA:35,9,0,3
BRDA:35,10,0,5
BRDA:35,11,0,0
BRDA:35,12,0,3
BRDA:35,13,0,5
BRDA:35,14,0,4
BRDA:35,15,0,1
BRDA:35,16,0,7
BRDA:35,17,0,2
BRDA:35,18,0,5
BRDA:35,19,0,3
BRDA:35,20,0,5
BRDA:35,21,0,0
BRDA:35,22,0,9
BRDA:35,23,0,8
BRDA:35,24,0,8
BRDA:35,25,0,0
BRDA:35,26,0,16
BRDA:35,27,0,0
BRDA:35,28,0,0
BRDA:35,29,0,0
BRDA:35,30,0,0
BRDA:35,31,0,8
BRDA:35,32,0,8
BRDA:35,33,0,5
BRDA:35,34,0,0
BRDA:35,35,0,0
BRDA:35,36,0,3
BRDA:35,37,0,0
BRDA:35,38,0,2
BRDA:35,39,0,0
BRDA:35,40,0,0
BRDA:35,41,0,0
BRDA:35,42,0,0
BRDA:35,43,0,8
BRDA:35,44,0,7
BRDA:35,45,0,1
BRDA:35,46,0,8
BRDA:35,47,0,3
BRDA:35,48,0,1
BRDA:35,49,0,2
BRDA:35,50,0,0
BRDA:35,51,0,1
BRDA:35,52,0,0
BRDA:14,53,0,1
BRDA:15,54,0,2
BRDA:20,55,0,3
BRDA:35,56,0,3
BRDA:35,57,0,8
BRDA:35,58,0,3
BRDA:35,59,0,3
BRDA:24,60,0,1
BRDA:24,61,0,2
BRDA:35,62,0,2
BRF:63
BRH:43
end_of_record
TN:
SF:src\modules\users\services\AuthenticateUserService.ts
FN:48,__decorate
FN:48,__metadata
FN:48,__param
FN:48,__awaiter
FN:48,adopt
FN:48,fulfilled
FN:48,rejected
FN:48,step
FN:48,__generator
FN:48,sent
FN:48,g.<computed>
FN:48,verb
FN:48,step
FN:48,__importDefault
FN:22,AuthenticateUserService
FN:26,AuthenticateUserService.execute
FNF:16
FNH:14
FNDA:1,__decorate
FNDA:1,__metadata
FNDA:1,__param
FNDA:1,__awaiter
FNDA:2,adopt
FNDA:2,fulfilled
FNDA:0,rejected
FNDA:3,step
FNDA:1,__generator
FNDA:2,sent
FNDA:0,g.<computed>
FNDA:3,verb
FNDA:3,step
FNDA:2,__importDefault
FNDA:1,AuthenticateUserService
FNDA:1,AuthenticateUserService.execute
DA:1,1
DA:2,1
DA:3,1
DA:4,1
DA:5,1
DA:6,1
DA:7,1
DA:8,1
DA:9,1
DA:10,1
DA:11,1
DA:12,1
DA:13,1
DA:14,1
DA:15,1
DA:16,1
DA:17,1
DA:18,1
DA:19,1
DA:20,1
DA:21,1
DA:22,1
DA:23,1
DA:24,1
DA:25,1
DA:26,1
DA:27,1
DA:28,1
DA:29,1
DA:30,0
DA:31,0
DA:32,1
DA:33,1
DA:34,1
DA:35,1
DA:36,1
DA:37,1
DA:38,0
DA:39,0
DA:40,1
DA:41,1
DA:42,1
DA:43,1
DA:44,1
DA:45,1
DA:46,1
DA:47,1
DA:48,1
LF:48
LH:44
BRDA:48,0,0,1
BRDA:48,1,0,1
BRDA:48,2,0,0
BRDA:48,3,0,0
BRDA:48,4,0,0
BRDA:48,5,0,0
BRDA:48,6,0,1
BRDA:48,7,0,1
BRDA:48,8,0,1
BRDA:48,9,0,1
BRDA:48,10,0,2
BRDA:48,11,0,0
BRDA:48,12,0,1
BRDA:48,13,0,2
BRDA:48,14,0,0
BRDA:48,15,0,3
BRDA:48,16,0,1
BRDA:48,17,0,2
BRDA:48,18,0,1
BRDA:48,19,0,2
BRDA:48,20,0,0
BRDA:48,21,0,3
BRDA:48,22,0,3
BRDA:48,23,0,3
BRDA:48,24,0,0
BRDA:48,25,0,6
BRDA:48,26,0,0
BRDA:48,27,0,0
BRDA:48,28,0,0
BRDA:48,29,0,0
BRDA:48,30,0,3
BRDA:48,31,0,3
BRDA:48,32,0,2
BRDA:48,33,0,0
BRDA:48,34,0,0
BRDA:48,35,0,1
BRDA:48,36,0,0
BRDA:48,37,0,0
BRDA:48,38,0,0
BRDA:48,39,0,0
BRDA:48,40,0,0
BRDA:48,41,0,3
BRDA:48,42,0,0
BRDA:48,43,0,3
BRDA:48,44,0,1
BRDA:48,45,0,0
BRDA:48,46,0,1
BRDA:48,47,0,0
BRDA:48,48,0,2
BRDA:48,49,0,0
BRDA:21,50,0,1
BRDA:22,51,0,1
BRDA:26,52,0,1
BRDA:48,53,0,1
BRDA:48,54,0,3
BRDA:27,55,0,1
BRDA:48,56,0,1
BRDA:29,57,0,0
BRDA:48,58,0,1
BRDA:37,59,0,0
BRF:60
BRH:35
end_of_record
TN:
SF:src\modules\users\services\CreateUserService.ts
FN:39,__decorate
FN:39,__metadata
FN:39,__param
FN:39,__awaiter
FN:39,adopt
FN:39,fulfilled
FN:39,rejected
FN:39,step
FN:39,__generator
FN:39,sent
FN:39,g.<computed>
FN:39,verb
FN:39,step
FN:39,__importDefault
FN:16,CreateUserService
FN:20,CreateUserService.execute
FNF:16
FNH:14
FNDA:2,__decorate
FNDA:2,__metadata
FNDA:2,__param
FNDA:4,__awaiter
FNDA:13,adopt
FNDA:13,fulfilled
FNDA:0,rejected
FNDA:16,step
FNDA:4,__generator
FNDA:13,sent
FNDA:0,g.<computed>
FNDA:12,verb
FNDA:17,step
FNDA:2,__importDefault
FNDA:3,CreateUserService
FNDA:4,CreateUserService.execute
DA:1,1
DA:2,1
DA:3,1
DA:4,1
DA:5,1
DA:6,1
DA:7,1
DA:8,1
DA:9,1
DA:10,1
DA:11,1
DA:12,1
DA:13,1
DA:14,1
DA:15,2
DA:16,2
DA:17,3
DA:18,3
DA:19,2
DA:20,2
DA:21,4
DA:22,4
DA:23,4
DA:24,1
DA:25,1
DA:26,3
DA:27,3
DA:28,4
DA:29,4
DA:30,4
DA:31,4
DA:32,4
DA:33,4
DA:34,4
DA:35,4
DA:36,4
DA:37,4
DA:38,4
DA:39,2
LF:39
LH:39
BRDA:39,0,0,2
BRDA:39,1,0,2
BRDA:39,2,0,0
BRDA:39,3,0,0
BRDA:39,4,0,0
BRDA:39,5,0,0
BRDA:39,6,0,2
BRDA:39,7,0,2
BRDA:39,8,0,2
BRDA:39,9,0,4
BRDA:39,10,0,13
BRDA:39,11,0,0
BRDA:39,12,0,4
BRDA:39,13,0,13
BRDA:39,14,0,12
BRDA:39,15,0,1
BRDA:39,16,0,16
BRDA:39,17,0,3
BRDA:39,18,0,13
BRDA:39,19,0,4
BRDA:39,20,0,13
BRDA:39,21,0,0
BRDA:39,22,0,12
BRDA:39,23,0,17
BRDA:39,24,0,17
BRDA:39,25,0,0
BRDA:39,26,0,34
BRDA:39,27,0,0
BRDA:39,28,0,0
BRDA:39,29,0,0
BRDA:39,30,0,0
BRDA:39,31,0,17
BRDA:39,32,0,17
BRDA:39,33,0,13
BRDA:39,34,0,0
BRDA:39,35,0,0
BRDA:39,36,0,4
BRDA:39,37,0,0
BRDA:39,38,0,3
BRDA:39,39,0,0
BRDA:39,40,0,0
BRDA:39,41,0,0
BRDA:39,42,0,0
BRDA:39,43,0,29
BRDA:39,44,0,17
BRDA:39,45,0,16
BRDA:39,46,0,1
BRDA:39,47,0,17
BRDA:39,48,0,4
BRDA:39,49,0,1
BRDA:39,50,0,3
BRDA:39,51,0,0
BRDA:39,52,0,2
BRDA:39,53,0,0
BRDA:15,54,0,2
BRDA:16,55,0,3
BRDA:20,56,0,4
BRDA:39,57,0,4
BRDA:39,58,0,17
BRDA:21,59,0,4
BRDA:39,60,0,4
BRDA:23,61,0,1
BRDA:25,62,0,3
BRDA:39,63,0,3
BRDA:39,64,0,3
BRDA:39,65,0,3
BRF:66
BRH:46
end_of_record
TN:
SF:src\modules\users\services\UpdateUserAvatarService.ts
FN:1,(empty-report)
FNF:1
FNH:0
FNDA:0,(empty-report)
DA:1,0
DA:2,0
DA:3,0
DA:4,0
DA:5,0
DA:6,0
DA:7,0
DA:8,0
DA:9,0
DA:10,0
DA:11,0
DA:12,0
DA:13,0
DA:14,0
DA:15,0
DA:16,0
DA:17,0
DA:18,0
DA:19,0
DA:20,0
DA:21,0
DA:22,0
DA:23,0
DA:24,0
DA:25,0
DA:26,0
DA:27,0
DA:28,0
DA:29,0
DA:30,0
DA:31,0
DA:32,0
DA:33,0
DA:34,0
DA:35,0
DA:36,0
DA:37,0
DA:38,0
DA:39,0
DA:40,0
DA:41,0
DA:42,0
LF:42
LH:0
BRDA:1,0,0,0
BRF:1
BRH:0
end_of_record
